This file contains any messages produced by compilers while
running configure, to aid debugging if configure makes a mistake.

It was created by FULL-PACKAGE-NAME configure VERSION, which was
generated by GNU Autoconf 2.69.  Invocation command line was

  $ ./configure 

## --------- ##
## Platform. ##
## --------- ##

hostname = tejesh-HP-Pavilion-dv6-Notebook-PC
uname -m = i686
uname -r = 3.5.0-25-generic
uname -s = Linux
uname -v = #39-Ubuntu SMP Mon Feb 25 19:02:34 UTC 2013

/usr/bin/uname -p = unknown
/bin/uname -X     = unknown

/bin/arch              = unknown
/usr/bin/arch -k       = unknown
/usr/convex/getsysinfo = unknown
/usr/bin/hostinfo      = unknown
/bin/machine           = unknown
/usr/bin/oslevel       = unknown
/bin/universe          = unknown

PATH: /usr/lib/lightdm/lightdm
PATH: /usr/local/sbin
PATH: /usr/local/bin
PATH: /usr/sbin
PATH: /usr/bin
PATH: /sbin
PATH: /bin
PATH: /usr/games
PATH: /usr/local/games


## ----------- ##
## Core tests. ##
## ----------- ##

configure:2067: checking for a BSD-compatible install
configure:2135: result: /usr/bin/install -c
configure:2146: checking whether build environment is sane
configure:2196: result: yes
configure:2337: checking for a thread-safe mkdir -p
configure:2376: result: /bin/mkdir -p
configure:2389: checking for gawk
configure:2405: found /usr/bin/gawk
configure:2416: result: gawk
configure:2427: checking whether make sets $(MAKE)
configure:2449: result: yes
configure:2582: checking for gcc
configure:2598: found /usr/bin/gcc
configure:2609: result: gcc
configure:2838: checking for C compiler version
configure:2847: gcc --version >&5
gcc (Ubuntu/Linaro 4.7.2-2ubuntu1) 4.7.2
Copyright (C) 2012 Free Software Foundation, Inc.
This is free software; see the source for copying conditions.  There is NO
warranty; not even for MERCHANTABILITY or FITNESS FOR A PARTICULAR PURPOSE.

configure:2858: $? = 0
configure:2847: gcc -v >&5
Using built-in specs.
COLLECT_GCC=gcc
COLLECT_LTO_WRAPPER=/usr/lib/gcc/i686-linux-gnu/4.7/lto-wrapper
Target: i686-linux-gnu
Configured with: ../src/configure -v --with-pkgversion='Ubuntu/Linaro 4.7.2-2ubuntu1' --with-bugurl=file:///usr/share/doc/gcc-4.7/README.Bugs --enable-languages=c,c++,go,fortran,objc,obj-c++ --prefix=/usr --program-suffix=-4.7 --enable-shared --enable-linker-build-id --with-system-zlib --libexecdir=/usr/lib --without-included-gettext --enable-threads=posix --with-gxx-include-dir=/usr/include/c++/4.7 --libdir=/usr/lib --enable-nls --with-sysroot=/ --enable-clocale=gnu --enable-libstdcxx-debug --enable-libstdcxx-time=yes --enable-gnu-unique-object --enable-plugin --enable-objc-gc --enable-targets=all --disable-werror --with-arch-32=i686 --with-tune=generic --enable-checking=release --build=i686-linux-gnu --host=i686-linux-gnu --target=i686-linux-gnu
Thread model: posix
gcc version 4.7.2 (Ubuntu/Linaro 4.7.2-2ubuntu1) 
configure:2858: $? = 0
configure:2847: gcc -V >&5
gcc: error: unrecognized command line option '-V'
gcc: fatal error: no input files
compilation terminated.
configure:2858: $? = 4
configure:2847: gcc -qversion >&5
gcc: error: unrecognized command line option '-qversion'
gcc: fatal error: no input files
compilation terminated.
configure:2858: $? = 4
configure:2878: checking whether the C compiler works
configure:2900: gcc    conftest.c  >&5
configure:2904: $? = 0
configure:2952: result: yes
configure:2955: checking for C compiler default output file name
configure:2957: result: a.out
configure:2963: checking for suffix of executables
configure:2970: gcc -o conftest    conftest.c  >&5
configure:2974: $? = 0
configure:2996: result: 
configure:3018: checking whether we are cross compiling
configure:3026: gcc -o conftest    conftest.c  >&5
configure:3030: $? = 0
configure:3037: ./conftest
configure:3041: $? = 0
configure:3056: result: no
configure:3061: checking for suffix of object files
configure:3083: gcc -c   conftest.c >&5
configure:3087: $? = 0
configure:3108: result: o
configure:3112: checking whether we are using the GNU C compiler
configure:3131: gcc -c   conftest.c >&5
configure:3131: $? = 0
configure:3140: result: yes
configure:3149: checking whether gcc accepts -g
configure:3169: gcc -c -g  conftest.c >&5
configure:3169: $? = 0
configure:3210: result: yes
configure:3227: checking for gcc option to accept ISO C89
configure:3290: gcc  -c -g -O2  conftest.c >&5
configure:3290: $? = 0
configure:3303: result: none needed
configure:3334: checking for style of include used by make
configure:3362: result: GNU
configure:3388: checking dependency style of gcc
configure:3499: result: gcc3
configure:3524: checking how to run the C preprocessor
configure:3555: gcc -E  conftest.c
configure:3555: $? = 0
configure:3569: gcc -E  conftest.c
conftest.c:11:28: fatal error: ac_nonexistent.h: No such file or directory
compilation terminated.
configure:3569: $? = 1
configure: failed program was:
| /* confdefs.h */
| #define PACKAGE_NAME "FULL-PACKAGE-NAME"
| #define PACKAGE_TARNAME "full-package-name"
| #define PACKAGE_VERSION "VERSION"
| #define PACKAGE_STRING "FULL-PACKAGE-NAME VERSION"
| #define PACKAGE_BUGREPORT "BUG-REPORT-ADDRESS"
| #define PACKAGE_URL ""
| #define PACKAGE "full-package-name"
| #define VERSION "VERSION"
| /* end confdefs.h.  */
| #include <ac_nonexistent.h>
configure:3594: result: gcc -E
configure:3614: gcc -E  conftest.c
configure:3614: $? = 0
configure:3628: gcc -E  conftest.c
conftest.c:11:28: fatal error: ac_nonexistent.h: No such file or directory
compilation terminated.
configure:3628: $? = 1
configure: failed program was:
| /* confdefs.h */
| #define PACKAGE_NAME "FULL-PACKAGE-NAME"
| #define PACKAGE_TARNAME "full-package-name"
| #define PACKAGE_VERSION "VERSION"
| #define PACKAGE_STRING "FULL-PACKAGE-NAME VERSION"
| #define PACKAGE_BUGREPORT "BUG-REPORT-ADDRESS"
| #define PACKAGE_URL ""
| #define PACKAGE "full-package-name"
| #define VERSION "VERSION"
| /* end confdefs.h.  */
| #include <ac_nonexistent.h>
configure:3657: checking for grep that handles long lines and -e
configure:3715: result: /bin/grep
configure:3720: checking for egrep
configure:3782: result: /bin/grep -E
configure:3787: checking for ANSI C header files
configure:3807: gcc -c -g -O2  conftest.c >&5
configure:3807: $? = 0
configure:3880: gcc -o conftest -g -O2   conftest.c  >&5
configure:3880: $? = 0
configure:3880: ./conftest
configure:3880: $? = 0
configure:3891: result: yes
configure:3904: checking for sys/types.h
configure:3904: gcc -c -g -O2  conftest.c >&5
configure:3904: $? = 0
configure:3904: result: yes
configure:3904: checking for sys/stat.h
configure:3904: gcc -c -g -O2  conftest.c >&5
configure:3904: $? = 0
configure:3904: result: yes
configure:3904: checking for stdlib.h
configure:3904: gcc -c -g -O2  conftest.c >&5
configure:3904: $? = 0
configure:3904: result: yes
configure:3904: checking for string.h
configure:3904: gcc -c -g -O2  conftest.c >&5
configure:3904: $? = 0
configure:3904: result: yes
configure:3904: checking for memory.h
configure:3904: gcc -c -g -O2  conftest.c >&5
configure:3904: $? = 0
configure:3904: result: yes
configure:3904: checking for strings.h
configure:3904: gcc -c -g -O2  conftest.c >&5
configure:3904: $? = 0
configure:3904: result: yes
configure:3904: checking for inttypes.h
configure:3904: gcc -c -g -O2  conftest.c >&5
configure:3904: $? = 0
configure:3904: result: yes
configure:3904: checking for stdint.h
configure:3904: gcc -c -g -O2  conftest.c >&5
configure:3904: $? = 0
configure:3904: result: yes
configure:3904: checking for unistd.h
configure:3904: gcc -c -g -O2  conftest.c >&5
configure:3904: $? = 0
configure:3904: result: yes
configure:3918: checking malloc.h usability
configure:3918: gcc -c -g -O2  conftest.c >&5
configure:3918: $? = 0
configure:3918: result: yes
configure:3918: checking malloc.h presence
configure:3918: gcc -E  conftest.c
configure:3918: $? = 0
configure:3918: result: yes
configure:3918: checking for malloc.h
configure:3918: result: yes
configure:4065: creating ./config.status

## ---------------------- ##
## Running config.status. ##
## ---------------------- ##

This file was extended by FULL-PACKAGE-NAME config.status VERSION, which was
generated by GNU Autoconf 2.69.  Invocation command line was

  CONFIG_FILES    = 
  CONFIG_HEADERS  = 
  CONFIG_LINKS    = 
  CONFIG_COMMANDS = 
  $ ./config.status 

on tejesh-HP-Pavilion-dv6-Notebook-PC

config.status:849: creating Makefile
config.status:849: creating config.h
config.status:1030: config.h is unchanged
config.status:1078: executing depfiles commands

## ---------------- ##
## Cache variables. ##
## ---------------- ##

ac_cv_c_compiler_gnu=yes
ac_cv_env_CC_set=
ac_cv_env_CC_value=
ac_cv_env_CFLAGS_set=
ac_cv_env_CFLAGS_value=
ac_cv_env_CPPFLAGS_set=
ac_cv_env_CPPFLAGS_value=
ac_cv_env_CPP_set=
ac_cv_env_CPP_value=
ac_cv_env_LDFLAGS_set=
ac_cv_env_LDFLAGS_value=
ac_cv_env_LIBS_set=
ac_cv_env_LIBS_value=
ac_cv_env_build_alias_set=
ac_cv_env_build_alias_value=
ac_cv_env_host_alias_set=
ac_cv_env_host_alias_value=
ac_cv_env_target_alias_set=
ac_cv_env_target_alias_value=
ac_cv_header_inttypes_h=yes
ac_cv_header_malloc_h=yes
ac_cv_header_memory_h=yes
ac_cv_header_stdc=yes
ac_cv_header_stdint_h=yes
ac_cv_header_stdlib_h=yes
ac_cv_header_string_h=yes
ac_cv_header_strings_h=yes
ac_cv_header_sys_stat_h=yes
ac_cv_header_sys_types_h=yes
ac_cv_header_unistd_h=yes
ac_cv_objext=o
ac_cv_path_EGREP='/bin/grep -E'
ac_cv_path_GREP=/bin/grep
ac_cv_path_install='/usr/bin/install -c'
ac_cv_path_mkdir=/bin/mkdir
ac_cv_prog_AWK=gawk
ac_cv_prog_CPP='gcc -E'
ac_cv_prog_ac_ct_CC=gcc
ac_cv_prog_cc_c89=
ac_cv_prog_cc_g=yes
ac_cv_prog_make_make_set=yes
am_cv_CC_dependencies_compiler_type=gcc3

## ----------------- ##
## Output variables. ##
## ----------------- ##

ACLOCAL='${SHELL} /home/tejesh/word/missing --run aclocal-1.11'
AMDEPBACKSLASH='\'
AMDEP_FALSE='#'
AMDEP_TRUE=''
AMTAR='$${TAR-tar}'
AUTOCONF='${SHELL} /home/tejesh/word/missing --run autoconf'
AUTOHEADER='${SHELL} /home/tejesh/word/missing --run autoheader'
AUTOMAKE='${SHELL} /home/tejesh/word/missing --run automake-1.11'
AWK='gawk'
CC='gcc'
CCDEPMODE='depmode=gcc3'
CFLAGS='-g -O2'
CPP='gcc -E'
CPPFLAGS=''
CYGPATH_W='echo'
DEFS='-DHAVE_CONFIG_H'
DEPDIR='.deps'
ECHO_C=''
ECHO_N='-n'
ECHO_T=''
EGREP='/bin/grep -E'
EXEEXT=''
GREP='/bin/grep'
INSTALL_DATA='${INSTALL} -m 644'
INSTALL_PROGRAM='${INSTALL}'
INSTALL_SCRIPT='${INSTALL}'
INSTALL_STRIP_PROGRAM='$(install_sh) -c -s'
LDFLAGS=''
LIBOBJS=''
LIBS=''
LTLIBOBJS=''
MAKEINFO='${SHELL} /home/tejesh/word/missing --run makeinfo'
MKDIR_P='/bin/mkdir -p'
OBJEXT='o'
PACKAGE='full-package-name'
PACKAGE_BUGREPORT='BUG-REPORT-ADDRESS'
PACKAGE_NAME='FULL-PACKAGE-NAME'
PACKAGE_STRING='FULL-PACKAGE-NAME VERSION'
PACKAGE_TARNAME='full-package-name'
PACKAGE_URL=''
PACKAGE_VERSION='VERSION'
PATH_SEPARATOR=':'
SET_MAKE=''
SHELL='/bin/bash'
STRIP=''
VERSION='VERSION'
ac_ct_CC='gcc'
am__EXEEXT_FALSE=''
am__EXEEXT_TRUE='#'
am__fastdepCC_FALSE='#'
am__fastdepCC_TRUE=''
am__include='include'
am__isrc=''
am__leading_dot='.'
am__nodep='_no'
am__quote=''
am__tar='$${TAR-tar} chof - "$$tardir"'
am__untar='$${TAR-tar} xf -'
bindir='${exec_prefix}/bin'
build_alias=''
datadir='${datarootdir}'
datarootdir='${prefix}/share'
docdir='${datarootdir}/doc/${PACKAGE_TARNAME}'
dvidir='${docdir}'
exec_prefix='${prefix}'
host_alias=''
htmldir='${docdir}'
includedir='${prefix}/include'
infodir='${datarootdir}/info'
install_sh='${SHELL} /home/tejesh/word/install-sh'
libdir='${exec_prefix}/lib'
libexecdir='${exec_prefix}/libexec'
localedir='${datarootdir}/locale'
localstatedir='${prefix}/var'
mandir='${datarootdir}/man'
mkdir_p='/bin/mkdir -p'
oldincludedir='/usr/include'
pdfdir='${docdir}'
prefix='/usr/local'
program_transform_name='s,x,x,'
psdir='${docdir}'
sbindir='${exec_prefix}/sbin'
sharedstatedir='${prefix}/com'
sysconfdir='${prefix}/etc'
target_alias=''

## ----------- ##
## confdefs.h. ##
## ----------- ##

/* confdefs.h */
#define PACKAGE_NAME "FULL-PACKAGE-NAME"
#define PACKAGE_TARNAME "full-package-name"
#define PACKAGE_VERSION "VERSION"
#define PACKAGE_STRING "FULL-PACKAGE-NAME VERSION"
#define PACKAGE_BUGREPORT "BUG-REPORT-ADDRESS"
#define PACKAGE_URL ""
#define PACKAGE "full-package-name"
#define VERSION "VERSION"
#define STDC_HEADERS 1
#define HAVE_SYS_TYPES_H 1
#define HAVE_SYS_STAT_H 1
#define HAVE_STDLIB_H 1
#define HAVE_STRING_H 1
#define HAVE_MEMORY_H 1
#define HAVE_STRINGS_H 1
#define HAVE_INTTYPES_H 1
#define HAVE_STDINT_H 1
#define HAVE_UNISTD_H 1
#define HAVE_MALLOC_H 1

configure: exit 0

## ---------------------- ##
## Running config.status. ##
## ---------------------- ##

This file was extended by FULL-PACKAGE-NAME config.status VERSION, which was
generated by GNU Autoconf 2.69.  Invocation command line was

  CONFIG_FILES    = 
  CONFIG_HEADERS  = 
  CONFIG_LINKS    = 
  CONFIG_COMMANDS = 
  $ ./config.status config.h

on tejesh-HP-Pavilion-dv6-Notebook-PC

config.status:849: creating config.h
